 command line:
   ./fsm_test_bench_isim_beh.exe
     -intstyle  ise
     -ipchost  localhost
     -ipcport  57307

Wed Apr 05 09:42:20 2017

Total Line Count : 84

 Elaboration time : 0 sec.

 Estimate current memory usage : 142.844 Meg. 

 Total Signals          : 15
 Total Nets             : 15
 Total Signal Drivers   : 10
 Total Blocks           : 6
 Total Primitive Blocks : 2
 Total Processes        : 14
 Total Traceable Variables  : 23
 Total Scalar Nets and Variables : 162
ntrace select -o on -m / -l this 
ntrace start 
isimrun 1000 ns 
Simulator is doing circuit initialization process.
Finished circuit initialization process.

 Simulation time 0.09375 sec.

 Estimate current memory usage : 148.312 Meg. 

Wed Apr 05 10:22:38 2017

