 command line:
   ./fsm_testbench_waveform_isim_beh.exe
     -intstyle  ise
     -ipchost  localhost
     -ipcport  56405

Wed Apr 05 01:01:04 2017

Total Line Count : 82

 Elaboration time : 0.015625 sec.

 Estimate current memory usage : 141.042 Meg. 

 Total Signals          : 15
 Total Nets             : 15
 Total Signal Drivers   : 10
 Total Blocks           : 6
 Total Primitive Blocks : 2
 Total Processes        : 13
 Total Traceable Variables  : 23
 Total Scalar Nets and Variables : 162
ntrace select -o on -m / -l this 
ntrace start 
isimrun 1000 ns 
Simulator is doing circuit initialization process.
Finished circuit initialization process.

 Simulation time 0.09375 sec.

 Estimate current memory usage : 149.688 Meg. 

Wed Apr 05 09:15:37 2017

